<?xml version="1.0" encoding="UTF-8"?>
<!-- Generated by org.testng.reporters.JUnitReportReporter -->
<testsuite hostname="DESKTOP-UM81SHF" failures="0" tests="6" name="com.juaracoding.apitest.runners.Runner" time="55.838" errors="0" timestamp="2025-06-17T22:54:17 WIB" skipped="0">
  <testcase classname="com.juaracoding.apitest.runners.Runner" name="runScenario" time="8.690"/>
  <testcase classname="com.juaracoding.apitest.runners.Runner" name="runScenario" time="12.928"/>
  <testcase classname="com.juaracoding.apitest.runners.Runner" name="runScenario" time="10.211"/>
  <testcase classname="com.juaracoding.apitest.runners.Runner" name="runScenario" time="4.327"/>
  <testcase classname="com.juaracoding.apitest.runners.Runner" name="runScenario" time="13.364"/>
  <testcase classname="com.juaracoding.apitest.runners.Runner" name="runScenario" time="6.318"/>
</testsuite> <!-- com.juaracoding.apitest.runners.Runner -->
